<?xml version="1.0" encoding="UTF-8"?>
<testsuite xmlns:xsi="http://www.w3.org/2001/XMLSchema-instance" xsi:noNamespaceSchemaLocation="https://maven.apache.org/surefire/maven-surefire-plugin/xsd/surefire-test-report.xsd" name="com.example.restaurant.RestaurantControllerTests" time="3.292" tests="2" errors="0" skipped="0" failures="0">
  <properties>
    <property name="gopherProxySet" value="false"/>
    <property name="awt.toolkit" value="sun.lwawt.macosx.LWCToolkit"/>
    <property name="java.specification.version" value="9"/>
    <property name="file.encoding.pkg" value="sun.io"/>
    <property name="sun.cpu.isalist" value=""/>
    <property name="sun.jnu.encoding" value="UTF-8"/>
    <property name="java.class.path" value="/Users/hshin/Documents/workspace/git/live-demo-workshop/restaurant/target/test-classes:/Users/hshin/Documents/workspace/git/live-demo-workshop/restaurant/target/classes:/Users/hshin/.m2/repository/org/springframework/boot/spring-boot-starter-webflux/2.0.0.M7/spring-boot-starter-webflux-2.0.0.M7.jar:/Users/hshin/.m2/repository/org/springframework/boot/spring-boot-starter/2.0.0.M7/spring-boot-starter-2.0.0.M7.jar:/Users/hshin/.m2/repository/org/springframework/boot/spring-boot-starter-logging/2.0.0.M7/spring-boot-starter-logging-2.0.0.M7.jar:/Users/hshin/.m2/repository/ch/qos/logback/logback-classic/1.2.3/logback-classic-1.2.3.jar:/Users/hshin/.m2/repository/ch/qos/logback/logback-core/1.2.3/logback-core-1.2.3.jar:/Users/hshin/.m2/repository/org/apache/logging/log4j/log4j-to-slf4j/2.10.0/log4j-to-slf4j-2.10.0.jar:/Users/hshin/.m2/repository/org/apache/logging/log4j/log4j-api/2.10.0/log4j-api-2.10.0.jar:/Users/hshin/.m2/repository/org/slf4j/jul-to-slf4j/1.7.25/jul-to-slf4j-1.7.25.jar:/Users/hshin/.m2/repository/javax/annotation/javax.annotation-api/1.3.1/javax.annotation-api-1.3.1.jar:/Users/hshin/.m2/repository/org/yaml/snakeyaml/1.19/snakeyaml-1.19.jar:/Users/hshin/.m2/repository/org/springframework/boot/spring-boot-starter-json/2.0.0.M7/spring-boot-starter-json-2.0.0.M7.jar:/Users/hshin/.m2/repository/com/fasterxml/jackson/core/jackson-databind/2.9.2/jackson-databind-2.9.2.jar:/Users/hshin/.m2/repository/com/fasterxml/jackson/core/jackson-annotations/2.9.0/jackson-annotations-2.9.0.jar:/Users/hshin/.m2/repository/com/fasterxml/jackson/core/jackson-core/2.9.2/jackson-core-2.9.2.jar:/Users/hshin/.m2/repository/com/fasterxml/jackson/datatype/jackson-datatype-jdk8/2.9.2/jackson-datatype-jdk8-2.9.2.jar:/Users/hshin/.m2/repository/com/fasterxml/jackson/datatype/jackson-datatype-jsr310/2.9.2/jackson-datatype-jsr310-2.9.2.jar:/Users/hshin/.m2/repository/com/fasterxml/jackson/module/jackson-module-parameter-names/2.9.2/jackson-module-parameter-names-2.9.2.jar:/Users/hshin/.m2/repository/org/springframework/boot/spring-boot-starter-reactor-netty/2.0.0.M7/spring-boot-starter-reactor-netty-2.0.0.M7.jar:/Users/hshin/.m2/repository/io/projectreactor/ipc/reactor-netty/0.7.2.RELEASE/reactor-netty-0.7.2.RELEASE.jar:/Users/hshin/.m2/repository/io/netty/netty-codec-http/4.1.17.Final/netty-codec-http-4.1.17.Final.jar:/Users/hshin/.m2/repository/io/netty/netty-codec/4.1.17.Final/netty-codec-4.1.17.Final.jar:/Users/hshin/.m2/repository/io/netty/netty-handler/4.1.17.Final/netty-handler-4.1.17.Final.jar:/Users/hshin/.m2/repository/io/netty/netty-buffer/4.1.17.Final/netty-buffer-4.1.17.Final.jar:/Users/hshin/.m2/repository/io/netty/netty-transport/4.1.17.Final/netty-transport-4.1.17.Final.jar:/Users/hshin/.m2/repository/io/netty/netty-resolver/4.1.17.Final/netty-resolver-4.1.17.Final.jar:/Users/hshin/.m2/repository/io/netty/netty-handler-proxy/4.1.17.Final/netty-handler-proxy-4.1.17.Final.jar:/Users/hshin/.m2/repository/io/netty/netty-codec-socks/4.1.17.Final/netty-codec-socks-4.1.17.Final.jar:/Users/hshin/.m2/repository/io/netty/netty-transport-native-epoll/4.1.17.Final/netty-transport-native-epoll-4.1.17.Final.jar:/Users/hshin/.m2/repository/io/netty/netty-common/4.1.17.Final/netty-common-4.1.17.Final.jar:/Users/hshin/.m2/repository/io/netty/netty-transport-native-unix-common/4.1.17.Final/netty-transport-native-unix-common-4.1.17.Final.jar:/Users/hshin/.m2/repository/org/hibernate/validator/hibernate-validator/6.0.5.Final/hibernate-validator-6.0.5.Final.jar:/Users/hshin/.m2/repository/javax/validation/validation-api/2.0.0.Final/validation-api-2.0.0.Final.jar:/Users/hshin/.m2/repository/org/jboss/logging/jboss-logging/3.3.1.Final/jboss-logging-3.3.1.Final.jar:/Users/hshin/.m2/repository/com/fasterxml/classmate/1.3.4/classmate-1.3.4.jar:/Users/hshin/.m2/repository/org/springframework/spring-web/5.0.2.RELEASE/spring-web-5.0.2.RELEASE.jar:/Users/hshin/.m2/repository/org/springframework/spring-beans/5.0.2.RELEASE/spring-beans-5.0.2.RELEASE.jar:/Users/hshin/.m2/repository/org/springframework/spring-webflux/5.0.2.RELEASE/spring-webflux-5.0.2.RELEASE.jar:/Users/hshin/.m2/repository/org/synchronoss/cloud/nio-multipart-parser/1.1.0/nio-multipart-parser-1.1.0.jar:/Users/hshin/.m2/repository/org/slf4j/slf4j-api/1.7.25/slf4j-api-1.7.25.jar:/Users/hshin/.m2/repository/org/synchronoss/cloud/nio-stream-storage/1.1.3/nio-stream-storage-1.1.3.jar:/Users/hshin/.m2/repository/org/springframework/boot/spring-boot-starter-data-mongodb-reactive/2.0.0.M7/spring-boot-starter-data-mongodb-reactive-2.0.0.M7.jar:/Users/hshin/.m2/repository/org/springframework/data/spring-data-mongodb/2.0.2.RELEASE/spring-data-mongodb-2.0.2.RELEASE.jar:/Users/hshin/.m2/repository/org/springframework/spring-tx/5.0.2.RELEASE/spring-tx-5.0.2.RELEASE.jar:/Users/hshin/.m2/repository/org/springframework/spring-context/5.0.2.RELEASE/spring-context-5.0.2.RELEASE.jar:/Users/hshin/.m2/repository/org/springframework/spring-aop/5.0.2.RELEASE/spring-aop-5.0.2.RELEASE.jar:/Users/hshin/.m2/repository/org/springframework/spring-expression/5.0.2.RELEASE/spring-expression-5.0.2.RELEASE.jar:/Users/hshin/.m2/repository/org/springframework/data/spring-data-commons/2.0.2.RELEASE/spring-data-commons-2.0.2.RELEASE.jar:/Users/hshin/.m2/repository/org/mongodb/mongodb-driver/3.5.0/mongodb-driver-3.5.0.jar:/Users/hshin/.m2/repository/org/mongodb/bson/3.5.0/bson-3.5.0.jar:/Users/hshin/.m2/repository/org/mongodb/mongodb-driver-core/3.5.0/mongodb-driver-core-3.5.0.jar:/Users/hshin/.m2/repository/org/mongodb/mongodb-driver-async/3.5.0/mongodb-driver-async-3.5.0.jar:/Users/hshin/.m2/repository/org/mongodb/mongodb-driver-reactivestreams/1.6.0/mongodb-driver-reactivestreams-1.6.0.jar:/Users/hshin/.m2/repository/org/reactivestreams/reactive-streams/1.0.1/reactive-streams-1.0.1.jar:/Users/hshin/.m2/repository/io/projectreactor/reactor-core/3.1.2.RELEASE/reactor-core-3.1.2.RELEASE.jar:/Users/hshin/.m2/repository/org/springframework/boot/spring-boot-starter-actuator/2.0.0.M7/spring-boot-starter-actuator-2.0.0.M7.jar:/Users/hshin/.m2/repository/org/springframework/boot/spring-boot-actuator-autoconfigure/2.0.0.M7/spring-boot-actuator-autoconfigure-2.0.0.M7.jar:/Users/hshin/.m2/repository/org/springframework/boot/spring-boot-actuator/2.0.0.M7/spring-boot-actuator-2.0.0.M7.jar:/Users/hshin/.m2/repository/io/micrometer/micrometer-core/1.0.0-rc.5/micrometer-core-1.0.0-rc.5.jar:/Users/hshin/.m2/repository/org/hdrhistogram/HdrHistogram/2.1.10/HdrHistogram-2.1.10.jar:/Users/hshin/.m2/repository/org/latencyutils/LatencyUtils/2.0.3/LatencyUtils-2.0.3.jar:/Users/hshin/.m2/repository/org/springframework/boot/spring-boot-devtools/2.0.0.M7/spring-boot-devtools-2.0.0.M7.jar:/Users/hshin/.m2/repository/org/springframework/boot/spring-boot/2.0.0.M7/spring-boot-2.0.0.M7.jar:/Users/hshin/.m2/repository/org/springframework/boot/spring-boot-autoconfigure/2.0.0.M7/spring-boot-autoconfigure-2.0.0.M7.jar:/Users/hshin/.m2/repository/org/springframework/boot/spring-boot-starter-test/2.0.0.M7/spring-boot-starter-test-2.0.0.M7.jar:/Users/hshin/.m2/repository/org/springframework/boot/spring-boot-test/2.0.0.M7/spring-boot-test-2.0.0.M7.jar:/Users/hshin/.m2/repository/org/springframework/boot/spring-boot-test-autoconfigure/2.0.0.M7/spring-boot-test-autoconfigure-2.0.0.M7.jar:/Users/hshin/.m2/repository/com/jayway/jsonpath/json-path/2.4.0/json-path-2.4.0.jar:/Users/hshin/.m2/repository/net/minidev/json-smart/2.3/json-smart-2.3.jar:/Users/hshin/.m2/repository/net/minidev/accessors-smart/1.2/accessors-smart-1.2.jar:/Users/hshin/.m2/repository/org/ow2/asm/asm/5.0.4/asm-5.0.4.jar:/Users/hshin/.m2/repository/junit/junit/4.12/junit-4.12.jar:/Users/hshin/.m2/repository/org/assertj/assertj-core/3.8.0/assertj-core-3.8.0.jar:/Users/hshin/.m2/repository/org/mockito/mockito-core/2.12.0/mockito-core-2.12.0.jar:/Users/hshin/.m2/repository/net/bytebuddy/byte-buddy/1.7.9/byte-buddy-1.7.9.jar:/Users/hshin/.m2/repository/net/bytebuddy/byte-buddy-agent/1.7.9/byte-buddy-agent-1.7.9.jar:/Users/hshin/.m2/repository/org/objenesis/objenesis/2.6/objenesis-2.6.jar:/Users/hshin/.m2/repository/org/hamcrest/hamcrest-core/1.3/hamcrest-core-1.3.jar:/Users/hshin/.m2/repository/org/hamcrest/hamcrest-library/1.3/hamcrest-library-1.3.jar:/Users/hshin/.m2/repository/org/skyscreamer/jsonassert/1.5.0/jsonassert-1.5.0.jar:/Users/hshin/.m2/repository/com/vaadin/external/google/android-json/0.0.20131108.vaadin1/android-json-0.0.20131108.vaadin1.jar:/Users/hshin/.m2/repository/org/springframework/spring-core/5.0.2.RELEASE/spring-core-5.0.2.RELEASE.jar:/Users/hshin/.m2/repository/org/springframework/spring-jcl/5.0.2.RELEASE/spring-jcl-5.0.2.RELEASE.jar:/Users/hshin/.m2/repository/org/springframework/spring-test/5.0.2.RELEASE/spring-test-5.0.2.RELEASE.jar:/Users/hshin/.m2/repository/org/xmlunit/xmlunit-core/2.5.1/xmlunit-core-2.5.1.jar:/Users/hshin/.m2/repository/io/projectreactor/reactor-test/3.1.2.RELEASE/reactor-test-3.1.2.RELEASE.jar:"/>
    <property name="java.vm.vendor" value="Oracle Corporation"/>
    <property name="sun.arch.data.model" value="64"/>
    <property name="java.vendor.url" value="http://java.oracle.com/"/>
    <property name="user.timezone" value=""/>
    <property name="java.vm.specification.version" value="9"/>
    <property name="os.name" value="Mac OS X"/>
    <property name="sun.java.launcher" value="SUN_STANDARD"/>
    <property name="user.country" value="KR"/>
    <property name="sun.boot.library.path" value="/Library/Java/JavaVirtualMachines/jdk-9.0.4.jdk/Contents/Home/lib"/>
    <property name="sun.java.command" value="/Users/hshin/Documents/workspace/git/live-demo-workshop/restaurant/target/surefire/surefirebooter11924562269108939050.jar /Users/hshin/Documents/workspace/git/live-demo-workshop/restaurant/target/surefire 2018-02-09T23-45-13_576-jvmRun1 surefire15380141031268490874tmp surefire_017307379989784882381tmp"/>
    <property name="http.nonProxyHosts" value="local|*.local|169.254/16|*.169.254/16"/>
    <property name="jdk.debug" value="release"/>
    <property name="surefire.test.class.path" value="/Users/hshin/Documents/workspace/git/live-demo-workshop/restaurant/target/test-classes:/Users/hshin/Documents/workspace/git/live-demo-workshop/restaurant/target/classes:/Users/hshin/.m2/repository/org/springframework/boot/spring-boot-starter-webflux/2.0.0.M7/spring-boot-starter-webflux-2.0.0.M7.jar:/Users/hshin/.m2/repository/org/springframework/boot/spring-boot-starter/2.0.0.M7/spring-boot-starter-2.0.0.M7.jar:/Users/hshin/.m2/repository/org/springframework/boot/spring-boot-starter-logging/2.0.0.M7/spring-boot-starter-logging-2.0.0.M7.jar:/Users/hshin/.m2/repository/ch/qos/logback/logback-classic/1.2.3/logback-classic-1.2.3.jar:/Users/hshin/.m2/repository/ch/qos/logback/logback-core/1.2.3/logback-core-1.2.3.jar:/Users/hshin/.m2/repository/org/apache/logging/log4j/log4j-to-slf4j/2.10.0/log4j-to-slf4j-2.10.0.jar:/Users/hshin/.m2/repository/org/apache/logging/log4j/log4j-api/2.10.0/log4j-api-2.10.0.jar:/Users/hshin/.m2/repository/org/slf4j/jul-to-slf4j/1.7.25/jul-to-slf4j-1.7.25.jar:/Users/hshin/.m2/repository/javax/annotation/javax.annotation-api/1.3.1/javax.annotation-api-1.3.1.jar:/Users/hshin/.m2/repository/org/yaml/snakeyaml/1.19/snakeyaml-1.19.jar:/Users/hshin/.m2/repository/org/springframework/boot/spring-boot-starter-json/2.0.0.M7/spring-boot-starter-json-2.0.0.M7.jar:/Users/hshin/.m2/repository/com/fasterxml/jackson/core/jackson-databind/2.9.2/jackson-databind-2.9.2.jar:/Users/hshin/.m2/repository/com/fasterxml/jackson/core/jackson-annotations/2.9.0/jackson-annotations-2.9.0.jar:/Users/hshin/.m2/repository/com/fasterxml/jackson/core/jackson-core/2.9.2/jackson-core-2.9.2.jar:/Users/hshin/.m2/repository/com/fasterxml/jackson/datatype/jackson-datatype-jdk8/2.9.2/jackson-datatype-jdk8-2.9.2.jar:/Users/hshin/.m2/repository/com/fasterxml/jackson/datatype/jackson-datatype-jsr310/2.9.2/jackson-datatype-jsr310-2.9.2.jar:/Users/hshin/.m2/repository/com/fasterxml/jackson/module/jackson-module-parameter-names/2.9.2/jackson-module-parameter-names-2.9.2.jar:/Users/hshin/.m2/repository/org/springframework/boot/spring-boot-starter-reactor-netty/2.0.0.M7/spring-boot-starter-reactor-netty-2.0.0.M7.jar:/Users/hshin/.m2/repository/io/projectreactor/ipc/reactor-netty/0.7.2.RELEASE/reactor-netty-0.7.2.RELEASE.jar:/Users/hshin/.m2/repository/io/netty/netty-codec-http/4.1.17.Final/netty-codec-http-4.1.17.Final.jar:/Users/hshin/.m2/repository/io/netty/netty-codec/4.1.17.Final/netty-codec-4.1.17.Final.jar:/Users/hshin/.m2/repository/io/netty/netty-handler/4.1.17.Final/netty-handler-4.1.17.Final.jar:/Users/hshin/.m2/repository/io/netty/netty-buffer/4.1.17.Final/netty-buffer-4.1.17.Final.jar:/Users/hshin/.m2/repository/io/netty/netty-transport/4.1.17.Final/netty-transport-4.1.17.Final.jar:/Users/hshin/.m2/repository/io/netty/netty-resolver/4.1.17.Final/netty-resolver-4.1.17.Final.jar:/Users/hshin/.m2/repository/io/netty/netty-handler-proxy/4.1.17.Final/netty-handler-proxy-4.1.17.Final.jar:/Users/hshin/.m2/repository/io/netty/netty-codec-socks/4.1.17.Final/netty-codec-socks-4.1.17.Final.jar:/Users/hshin/.m2/repository/io/netty/netty-transport-native-epoll/4.1.17.Final/netty-transport-native-epoll-4.1.17.Final.jar:/Users/hshin/.m2/repository/io/netty/netty-common/4.1.17.Final/netty-common-4.1.17.Final.jar:/Users/hshin/.m2/repository/io/netty/netty-transport-native-unix-common/4.1.17.Final/netty-transport-native-unix-common-4.1.17.Final.jar:/Users/hshin/.m2/repository/org/hibernate/validator/hibernate-validator/6.0.5.Final/hibernate-validator-6.0.5.Final.jar:/Users/hshin/.m2/repository/javax/validation/validation-api/2.0.0.Final/validation-api-2.0.0.Final.jar:/Users/hshin/.m2/repository/org/jboss/logging/jboss-logging/3.3.1.Final/jboss-logging-3.3.1.Final.jar:/Users/hshin/.m2/repository/com/fasterxml/classmate/1.3.4/classmate-1.3.4.jar:/Users/hshin/.m2/repository/org/springframework/spring-web/5.0.2.RELEASE/spring-web-5.0.2.RELEASE.jar:/Users/hshin/.m2/repository/org/springframework/spring-beans/5.0.2.RELEASE/spring-beans-5.0.2.RELEASE.jar:/Users/hshin/.m2/repository/org/springframework/spring-webflux/5.0.2.RELEASE/spring-webflux-5.0.2.RELEASE.jar:/Users/hshin/.m2/repository/org/synchronoss/cloud/nio-multipart-parser/1.1.0/nio-multipart-parser-1.1.0.jar:/Users/hshin/.m2/repository/org/slf4j/slf4j-api/1.7.25/slf4j-api-1.7.25.jar:/Users/hshin/.m2/repository/org/synchronoss/cloud/nio-stream-storage/1.1.3/nio-stream-storage-1.1.3.jar:/Users/hshin/.m2/repository/org/springframework/boot/spring-boot-starter-data-mongodb-reactive/2.0.0.M7/spring-boot-starter-data-mongodb-reactive-2.0.0.M7.jar:/Users/hshin/.m2/repository/org/springframework/data/spring-data-mongodb/2.0.2.RELEASE/spring-data-mongodb-2.0.2.RELEASE.jar:/Users/hshin/.m2/repository/org/springframework/spring-tx/5.0.2.RELEASE/spring-tx-5.0.2.RELEASE.jar:/Users/hshin/.m2/repository/org/springframework/spring-context/5.0.2.RELEASE/spring-context-5.0.2.RELEASE.jar:/Users/hshin/.m2/repository/org/springframework/spring-aop/5.0.2.RELEASE/spring-aop-5.0.2.RELEASE.jar:/Users/hshin/.m2/repository/org/springframework/spring-expression/5.0.2.RELEASE/spring-expression-5.0.2.RELEASE.jar:/Users/hshin/.m2/repository/org/springframework/data/spring-data-commons/2.0.2.RELEASE/spring-data-commons-2.0.2.RELEASE.jar:/Users/hshin/.m2/repository/org/mongodb/mongodb-driver/3.5.0/mongodb-driver-3.5.0.jar:/Users/hshin/.m2/repository/org/mongodb/bson/3.5.0/bson-3.5.0.jar:/Users/hshin/.m2/repository/org/mongodb/mongodb-driver-core/3.5.0/mongodb-driver-core-3.5.0.jar:/Users/hshin/.m2/repository/org/mongodb/mongodb-driver-async/3.5.0/mongodb-driver-async-3.5.0.jar:/Users/hshin/.m2/repository/org/mongodb/mongodb-driver-reactivestreams/1.6.0/mongodb-driver-reactivestreams-1.6.0.jar:/Users/hshin/.m2/repository/org/reactivestreams/reactive-streams/1.0.1/reactive-streams-1.0.1.jar:/Users/hshin/.m2/repository/io/projectreactor/reactor-core/3.1.2.RELEASE/reactor-core-3.1.2.RELEASE.jar:/Users/hshin/.m2/repository/org/springframework/boot/spring-boot-starter-actuator/2.0.0.M7/spring-boot-starter-actuator-2.0.0.M7.jar:/Users/hshin/.m2/repository/org/springframework/boot/spring-boot-actuator-autoconfigure/2.0.0.M7/spring-boot-actuator-autoconfigure-2.0.0.M7.jar:/Users/hshin/.m2/repository/org/springframework/boot/spring-boot-actuator/2.0.0.M7/spring-boot-actuator-2.0.0.M7.jar:/Users/hshin/.m2/repository/io/micrometer/micrometer-core/1.0.0-rc.5/micrometer-core-1.0.0-rc.5.jar:/Users/hshin/.m2/repository/org/hdrhistogram/HdrHistogram/2.1.10/HdrHistogram-2.1.10.jar:/Users/hshin/.m2/repository/org/latencyutils/LatencyUtils/2.0.3/LatencyUtils-2.0.3.jar:/Users/hshin/.m2/repository/org/springframework/boot/spring-boot-devtools/2.0.0.M7/spring-boot-devtools-2.0.0.M7.jar:/Users/hshin/.m2/repository/org/springframework/boot/spring-boot/2.0.0.M7/spring-boot-2.0.0.M7.jar:/Users/hshin/.m2/repository/org/springframework/boot/spring-boot-autoconfigure/2.0.0.M7/spring-boot-autoconfigure-2.0.0.M7.jar:/Users/hshin/.m2/repository/org/springframework/boot/spring-boot-starter-test/2.0.0.M7/spring-boot-starter-test-2.0.0.M7.jar:/Users/hshin/.m2/repository/org/springframework/boot/spring-boot-test/2.0.0.M7/spring-boot-test-2.0.0.M7.jar:/Users/hshin/.m2/repository/org/springframework/boot/spring-boot-test-autoconfigure/2.0.0.M7/spring-boot-test-autoconfigure-2.0.0.M7.jar:/Users/hshin/.m2/repository/com/jayway/jsonpath/json-path/2.4.0/json-path-2.4.0.jar:/Users/hshin/.m2/repository/net/minidev/json-smart/2.3/json-smart-2.3.jar:/Users/hshin/.m2/repository/net/minidev/accessors-smart/1.2/accessors-smart-1.2.jar:/Users/hshin/.m2/repository/org/ow2/asm/asm/5.0.4/asm-5.0.4.jar:/Users/hshin/.m2/repository/junit/junit/4.12/junit-4.12.jar:/Users/hshin/.m2/repository/org/assertj/assertj-core/3.8.0/assertj-core-3.8.0.jar:/Users/hshin/.m2/repository/org/mockito/mockito-core/2.12.0/mockito-core-2.12.0.jar:/Users/hshin/.m2/repository/net/bytebuddy/byte-buddy/1.7.9/byte-buddy-1.7.9.jar:/Users/hshin/.m2/repository/net/bytebuddy/byte-buddy-agent/1.7.9/byte-buddy-agent-1.7.9.jar:/Users/hshin/.m2/repository/org/objenesis/objenesis/2.6/objenesis-2.6.jar:/Users/hshin/.m2/repository/org/hamcrest/hamcrest-core/1.3/hamcrest-core-1.3.jar:/Users/hshin/.m2/repository/org/hamcrest/hamcrest-library/1.3/hamcrest-library-1.3.jar:/Users/hshin/.m2/repository/org/skyscreamer/jsonassert/1.5.0/jsonassert-1.5.0.jar:/Users/hshin/.m2/repository/com/vaadin/external/google/android-json/0.0.20131108.vaadin1/android-json-0.0.20131108.vaadin1.jar:/Users/hshin/.m2/repository/org/springframework/spring-core/5.0.2.RELEASE/spring-core-5.0.2.RELEASE.jar:/Users/hshin/.m2/repository/org/springframework/spring-jcl/5.0.2.RELEASE/spring-jcl-5.0.2.RELEASE.jar:/Users/hshin/.m2/repository/org/springframework/spring-test/5.0.2.RELEASE/spring-test-5.0.2.RELEASE.jar:/Users/hshin/.m2/repository/org/xmlunit/xmlunit-core/2.5.1/xmlunit-core-2.5.1.jar:/Users/hshin/.m2/repository/io/projectreactor/reactor-test/3.1.2.RELEASE/reactor-test-3.1.2.RELEASE.jar:"/>
    <property name="sun.cpu.endian" value="little"/>
    <property name="user.home" value="/Users/hshin"/>
    <property name="user.language" value="ko"/>
    <property name="java.specification.vendor" value="Oracle Corporation"/>
    <property name="java.home" value="/Library/Java/JavaVirtualMachines/jdk-9.0.4.jdk/Contents/Home"/>
    <property name="file.separator" value="/"/>
    <property name="basedir" value="/Users/hshin/Documents/workspace/git/live-demo-workshop/restaurant"/>
    <property name="java.vm.compressedOopsMode" value="Zero based"/>
    <property name="line.separator" value="&#10;"/>
    <property name="java.specification.name" value="Java Platform API Specification"/>
    <property name="java.vm.specification.vendor" value="Oracle Corporation"/>
    <property name="java.awt.graphicsenv" value="sun.awt.CGraphicsEnvironment"/>
    <property name="surefire.real.class.path" value="/Users/hshin/Documents/workspace/git/live-demo-workshop/restaurant/target/surefire/surefirebooter11924562269108939050.jar"/>
    <property name="sun.management.compiler" value="HotSpot 64-Bit Tiered Compilers"/>
    <property name="ftp.nonProxyHosts" value="local|*.local|169.254/16|*.169.254/16"/>
    <property name="java.runtime.version" value="9.0.4+11"/>
    <property name="user.name" value="hshin"/>
    <property name="path.separator" value=":"/>
    <property name="os.version" value="10.13.3"/>
    <property name="java.runtime.name" value="Java(TM) SE Runtime Environment"/>
    <property name="file.encoding" value="UTF-8"/>
    <property name="java.vm.name" value="Java HotSpot(TM) 64-Bit Server VM"/>
    <property name="localRepository" value="/Users/hshin/.m2/repository"/>
    <property name="java.vendor.url.bug" value="http://bugreport.java.com/bugreport/"/>
    <property name="java.io.tmpdir" value="/var/folders/vg/320c9yg10m71sxqdf1gbmplh0000gn/T/"/>
    <property name="java.version" value="9.0.4"/>
    <property name="user.dir" value="/Users/hshin/Documents/workspace/git/live-demo-workshop/restaurant"/>
    <property name="os.arch" value="x86_64"/>
    <property name="java.vm.specification.name" value="Java Virtual Machine Specification"/>
    <property name="java.awt.printerjob" value="sun.lwawt.macosx.CPrinterJob"/>
    <property name="user.language.format" value="en"/>
    <property name="sun.os.patch.level" value="unknown"/>
    <property name="java.library.path" value="/Users/hshin/Library/Java/Extensions:/Library/Java/Extensions:/Network/Library/Java/Extensions:/System/Library/Java/Extensions:/usr/lib/java:."/>
    <property name="java.vm.info" value="mixed mode"/>
    <property name="java.vendor" value="Oracle Corporation"/>
    <property name="java.vm.version" value="9.0.4+11"/>
    <property name="sun.io.unicode.encoding" value="UnicodeBig"/>
    <property name="java.class.version" value="53.0"/>
    <property name="socksNonProxyHosts" value="local|*.local|169.254/16|*.169.254/16"/>
  </properties>
  <testcase name="findAvailableRestaurants" classname="com.example.restaurant.RestaurantControllerTests" time="0.319"/>
  <testcase name="findCheapSushiPlaces" classname="com.example.restaurant.RestaurantControllerTests" time="0.07"/>
</testsuite>